  Building Custom Rule C:/Users/hayle/git/COMP308_A3/Assignment_2/work/src/CMakeLists.txt
  CMake does not need to re-run because C:\Users\hayle\git\COMP308_A3\Assignment_2\build\src\CMakeFiles\generate.stamp is up-to-date.
  main.cpp
C:\Users\hayle\git\COMP308_A3\Assignment_2\work\src\main.cpp(37): warning C4305: 'initializing': truncation from 'double' to 'float'
C:\Users\hayle\git\COMP308_A3\Assignment_2\work\src\main.cpp(64): warning C4244: '-=': conversion from 'double' to 'float', possible loss of data
C:\Users\hayle\git\COMP308_A3\Assignment_2\work\src\main.cpp(65): warning C4244: '-=': conversion from 'double' to 'float', possible loss of data
C:\Users\hayle\git\COMP308_A3\Assignment_2\work\src\main.cpp(67): warning C4244: 'argument': conversion from 'double' to 'float', possible loss of data
C:\Users\hayle\git\COMP308_A3\Assignment_2\work\src\main.cpp(61): warning C4100: 'win': unreferenced formal parameter
C:\Users\hayle\git\COMP308_A3\Assignment_2\work\src\main.cpp(89): warning C4244: '-=': conversion from 'double' to 'float', possible loss of data
C:\Users\hayle\git\COMP308_A3\Assignment_2\work\src\main.cpp(87): warning C4100: 'xoffset': unreferenced formal parameter
C:\Users\hayle\git\COMP308_A3\Assignment_2\work\src\main.cpp(87): warning C4100: 'win': unreferenced formal parameter
C:\Users\hayle\git\COMP308_A3\Assignment_2\work\src\main.cpp(110): warning C4305: '+=': truncation from 'double' to 'float'
C:\Users\hayle\git\COMP308_A3\Assignment_2\work\src\main.cpp(112): warning C4305: '+=': truncation from 'double' to 'float'
C:\Users\hayle\git\COMP308_A3\Assignment_2\work\src\main.cpp(114): warning C4305: '+=': truncation from 'double' to 'float'
C:\Users\hayle\git\COMP308_A3\Assignment_2\work\src\main.cpp(116): warning C4305: '+=': truncation from 'double' to 'float'
C:\Users\hayle\git\COMP308_A3\Assignment_2\work\src\main.cpp(102): warning C4100: 'mods': unreferenced formal parameter
C:\Users\hayle\git\COMP308_A3\Assignment_2\work\src\main.cpp(102): warning C4100: 'scancode': unreferenced formal parameter
C:\Users\hayle\git\COMP308_A3\Assignment_2\work\src\main.cpp(102): warning C4100: 'win': unreferenced formal parameter
C:\Users\hayle\git\COMP308_A3\Assignment_2\work\src\main.cpp(126): warning C4100: 'c': unreferenced formal parameter
C:\Users\hayle\git\COMP308_A3\Assignment_2\work\src\main.cpp(126): warning C4100: 'win': unreferenced formal parameter
C:\Users\hayle\git\COMP308_A3\Assignment_2\work\src\main.cpp(141): warning C4305: 'argument': truncation from 'double' to 'float'
C:\Users\hayle\git\COMP308_A3\Assignment_2\work\src\main.cpp(142): warning C4305: 'argument': truncation from 'double' to 'float'
C:\Users\hayle\git\COMP308_A3\Assignment_2\work\src\main.cpp(260): warning C4553: '==': operator has no effect; did you intend '='?
  skeleton.cpp
c:\users\hayle\git\comp308_a3\assignment_2\work\src\cgra_geometry.hpp(31): warning C4244: 'initializing': conversion from 'double' to 'float', possible loss of data
c:\users\hayle\git\comp308_a3\assignment_2\work\src\cgra_geometry.hpp(41): warning C4244: 'initializing': conversion from 'double' to 'float', possible loss of data
c:\users\hayle\git\comp308_a3\assignment_2\work\src\cgra_geometry.hpp(22): warning C4100: 'wire': unreferenced formal parameter
c:\users\hayle\git\comp308_a3\assignment_2\work\src\cgra_geometry.hpp(87): warning C4244: 'initializing': conversion from 'double' to 'float', possible loss of data
c:\users\hayle\git\comp308_a3\assignment_2\work\src\cgra_geometry.hpp(98): warning C4244: 'initializing': conversion from 'double' to 'float', possible loss of data
c:\users\hayle\git\comp308_a3\assignment_2\work\src\cgra_geometry.hpp(78): warning C4100: 'wire': unreferenced formal parameter
C:\Users\hayle\git\COMP308_A3\Assignment_2\work\src\skeleton.cpp(57): warning C4244: 'argument': conversion from 'double' to 'float', possible loss of data
C:\Users\hayle\git\COMP308_A3\Assignment_2\work\src\skeleton.cpp(57): warning C4244: 'argument': conversion from 'double' to 'GLfloat', possible loss of data
C:\Users\hayle\git\COMP308_A3\Assignment_2\work\src\skeleton.cpp(58): warning C4305: 'argument': truncation from 'double' to 'float'
C:\Users\hayle\git\COMP308_A3\Assignment_2\work\src\skeleton.cpp(99): warning C4244: 'argument': conversion from 'double' to 'float', possible loss of data
C:\Users\hayle\git\COMP308_A3\Assignment_2\work\src\skeleton.cpp(108): warning C4244: 'argument': conversion from 'double' to 'float', possible loss of data
C:\Users\hayle\git\COMP308_A3\Assignment_2\work\src\skeleton.cpp(109): warning C4244: 'argument': conversion from 'double' to 'GLfloat', possible loss of data
C:\Users\hayle\git\COMP308_A3\Assignment_2\work\src\skeleton.cpp(110): warning C4244: 'argument': conversion from 'double' to 'float', possible loss of data
C:\Users\hayle\git\COMP308_A3\Assignment_2\work\src\skeleton.cpp(117): warning C4244: 'argument': conversion from 'double' to 'float', possible loss of data
C:\Users\hayle\git\COMP308_A3\Assignment_2\work\src\skeleton.cpp(118): warning C4244: 'argument': conversion from 'double' to 'GLfloat', possible loss of data
C:\Users\hayle\git\COMP308_A3\Assignment_2\work\src\skeleton.cpp(119): warning C4244: 'argument': conversion from 'double' to 'float', possible loss of data
C:\Users\hayle\git\COMP308_A3\Assignment_2\work\src\skeleton.cpp(127): warning C4244: 'argument': conversion from 'double' to 'float', possible loss of data
C:\Users\hayle\git\COMP308_A3\Assignment_2\work\src\skeleton.cpp(128): warning C4244: 'argument': conversion from 'double' to 'GLfloat', possible loss of data
C:\Users\hayle\git\COMP308_A3\Assignment_2\work\src\skeleton.cpp(129): warning C4244: 'argument': conversion from 'double' to 'float', possible loss of data
C:\Users\hayle\git\COMP308_A3\Assignment_2\work\src\skeleton.cpp(169): warning C4244: 'argument': conversion from 'double' to 'GLfloat', possible loss of data
C:\Users\hayle\git\COMP308_A3\Assignment_2\work\src\skeleton.cpp(170): warning C4244: 'argument': conversion from 'double' to 'GLfloat', possible loss of data
C:\Users\hayle\git\COMP308_A3\Assignment_2\work\src\skeleton.cpp(171): warning C4244: 'argument': conversion from 'double' to 'GLfloat', possible loss of data
C:\Users\hayle\git\COMP308_A3\Assignment_2\work\src\skeleton.cpp(183): warning C4305: 'argument': truncation from 'double' to 'GLfloat'
C:\Users\hayle\git\COMP308_A3\Assignment_2\work\src\skeleton.cpp(188): warning C4244: 'argument': conversion from 'double' to 'GLfloat', possible loss of data
C:\Users\hayle\git\COMP308_A3\Assignment_2\work\src\skeleton.cpp(190): warning C4244: 'argument': conversion from 'double' to 'float', possible loss of data
C:\Users\hayle\git\COMP308_A3\Assignment_2\work\src\skeleton.cpp(229): warning C4267: 'return': conversion from 'size_t' to 'int', possible loss of data
C:\Users\hayle\git\COMP308_A3\Assignment_2\work\src\skeleton.cpp(395): warning C4305: '*=': truncation from 'double' to 'float'
C:\Users\hayle\git\COMP308_A3\Assignment_2\work\src\skeleton.cpp(396): warning C4305: '*=': truncation from 'double' to 'float'
C:\Users\hayle\git\COMP308_A3\Assignment_2\work\src\skeleton.cpp(519): warning C4458: declaration of 'frame' hides class member
  c:\users\hayle\git\comp308_a3\assignment_2\work\src\skeleton.hpp(74): note: see declaration of 'Skeleton::frame'
c:\users\hayle\git\comp308_a3\assignment_2\work\src\cgra_math.hpp(826): warning C4189: 'sum': local variable is initialized but not referenced
  c:\users\hayle\git\comp308_a3\assignment_2\work\src\cgra_math.hpp(825): note: while compiling class template member function 'cgra::vector3<float> cgra::vector3<float>::checknan(const cgra::vector3<float> &)'
  c:\users\hayle\git\comp308_a3\assignment_2\work\src\cgra_math.hpp(936): note: see reference to function template instantiation 'cgra::vector3<float> cgra::vector3<float>::checknan(const cgra::vector3<float> &)' being compiled
  c:\users\hayle\git\comp308_a3\assignment_2\work\src\cgra_geometry.hpp(51): note: see reference to class template instantiation 'cgra::vector3<float>' being compiled
  simple_gui.cpp
  Generating Code...
  a2.vcxproj -> C:\Users\hayle\git\COMP308_A3\Assignment_2\build\bin\RelWithDebInfo\a2.exe
  a2.vcxproj -> C:/Users/hayle/git/COMP308_A3/Assignment_2/build/bin/RelWithDebInfo/a2.pdb (Full PDB)
